<?xml version="1.0" encoding="utf-8" standalone="no"?>
<test-results xmlns:xsi="http://www.w3.org/2001/XMLSchema-instance" xsi:noNamespaceSchemaLocation="nunit_schema_2.5.xsd" name="Pester" total="303" errors="0" failures="0" not-run="0" inconclusive="0" ignored="0" skipped="0" invalid="0" date="2026-03-12" time="16:29:59">
  <environment clr-version="4.0.30319.42000" user-domain="THREATSCAPE" cwd="C:\dev\MDEValidator" platform="Microsoft Windows 11 Enterprise|C:\Windows|\Device\Harddisk0\Partition4" machine-name="TS-W365-NQJ8T" nunit-version="2.5.8.0" os-version="10.0.26200" user="nhutchinson" />
  <culture-info current-culture="en-GB" current-uiculture="en-GB" />
  <test-suite type="TestFixture" name="Pester" executed="True" result="Success" success="True" time="44.1763" asserts="0" description="Pester">
    <results>
      <test-suite type="TestFixture" name="C:\dev\MDEValidator\Tests\MDEValidator.Tests.ps1" executed="True" result="Success" success="True" time="18.5989" asserts="0" description="C:\dev\MDEValidator\Tests\MDEValidator.Tests.ps1">
        <results>
          <test-suite type="TestFixture" name="MDEValidator Module" executed="True" result="Success" success="True" time="17.779" asserts="0" description="MDEValidator Module">
            <results>
              <test-suite type="TestFixture" name="MDEValidator Module.Module Import" executed="True" result="Success" success="True" time="1.0388" asserts="0" description="MDEValidator Module.Module Import">
                <results>
                  <test-case description="Should import the module without errors" name="MDEValidator Module.Module Import.Should import the module without errors" time="0.3853" asserts="0" success="True" result="Success" executed="True" />
                  <test-case description="Should export Test-MDEConfiguration function" name="MDEValidator Module.Module Import.Should export Test-MDEConfiguration function" time="0.0353" asserts="0" success="True" result="Success" executed="True" />
                  <test-case description="Should export Get-MDEValidationReport function" name="MDEValidator Module.Module Import.Should export Get-MDEValidationReport function" time="0.0312" asserts="0" success="True" result="Success" executed="True" />
                  <test-case description="Should export Test-MDEServiceStatus function" name="MDEValidator Module.Module Import.Should export Test-MDEServiceStatus function" time="0.0175" asserts="0" success="True" result="Success" executed="True" />
                  <test-case description="Should export Test-MDERealTimeProtection function" name="MDEValidator Module.Module Import.Should export Test-MDERealTimeProtection function" time="0.0319" asserts="0" success="True" result="Success" executed="True" />
                  <test-case description="Should export Test-MDECloudProtection function" name="MDEValidator Module.Module Import.Should export Test-MDECloudProtection function" time="0.0185" asserts="0" success="True" result="Success" executed="True" />
                  <test-case description="Should export Test-MDESampleSubmission function" name="MDEValidator Module.Module Import.Should export Test-MDESampleSubmission function" time="0.0177" asserts="0" success="True" result="Success" executed="True" />
                  <test-case description="Should export Test-MDEBehaviorMonitoring function" name="MDEValidator Module.Module Import.Should export Test-MDEBehaviorMonitoring function" time="0.0217" asserts="0" success="True" result="Success" executed="True" />
                  <test-case description="Should export Test-MDEOnboardingStatus function" name="MDEValidator Module.Module Import.Should export Test-MDEOnboardingStatus function" time="0.0185" asserts="0" success="True" result="Success" executed="True" />
                  <test-case description="Should export Test-MDEDeviceTags function" name="MDEValidator Module.Module Import.Should export Test-MDEDeviceTags function" time="0.0319" asserts="0" success="True" result="Success" executed="True" />
                  <test-case description="Should export Test-MDENetworkProtection function" name="MDEValidator Module.Module Import.Should export Test-MDENetworkProtection function" time="0.0176" asserts="0" success="True" result="Success" executed="True" />
                  <test-case description="Should export Test-MDEAutoExclusionsWindowsServer function" name="MDEValidator Module.Module Import.Should export Test-MDEAutoExclusionsWindowsServer function" time="0.0181" asserts="0" success="True" result="Success" executed="True" />
                  <test-case description="Should export Test-MDEAttackSurfaceReduction function" name="MDEValidator Module.Module Import.Should export Test-MDEAttackSurfaceReduction function" time="0.0176" asserts="0" success="True" result="Success" executed="True" />
                  <test-case description="Should export Test-MDEThreatDefaultActions function" name="MDEValidator Module.Module Import.Should export Test-MDEThreatDefaultActions function" time="0.0231" asserts="0" success="True" result="Success" executed="True" />
                  <test-case description="Should export Test-MDEExclusionVisibilityLocalAdmins function" name="MDEValidator Module.Module Import.Should export Test-MDEExclusionVisibilityLocalAdmins function" time="0.0193" asserts="0" success="True" result="Success" executed="True" />
                  <test-case description="Should export Test-MDEExclusionVisibilityLocalUsers function" name="MDEValidator Module.Module Import.Should export Test-MDEExclusionVisibilityLocalUsers function" time="0.0179" asserts="0" success="True" result="Success" executed="True" />
                  <test-case description="Should export Test-MDECloudBlockLevel function" name="MDEValidator Module.Module Import.Should export Test-MDECloudBlockLevel function" time="0.0321" asserts="0" success="True" result="Success" executed="True" />
                  <test-case description="Should export Get-MDEOperatingSystemInfo function" name="MDEValidator Module.Module Import.Should export Get-MDEOperatingSystemInfo function" time="0.0185" asserts="0" success="True" result="Success" executed="True" />
                  <test-case description="Should export Get-MDESecuritySettingsManagementStatus function" name="MDEValidator Module.Module Import.Should export Get-MDESecuritySettingsManagementStatus function" time="0.0331" asserts="0" success="True" result="Success" executed="True" />
                  <test-case description="Should export Test-MDEPassiveMode function" name="MDEValidator Module.Module Import.Should export Test-MDEPassiveMode function" time="0.0191" asserts="0" success="True" result="Success" executed="True" />
                  <test-case description="Should export Test-MDETamperProtection function" name="MDEValidator Module.Module Import.Should export Test-MDETamperProtection function" time="0.0214" asserts="0" success="True" result="Success" executed="True" />
                  <test-case description="Should export Test-MDETamperProtectionForExclusions function" name="MDEValidator Module.Module Import.Should export Test-MDETamperProtectionForExclusions function" time="0.0188" asserts="0" success="True" result="Success" executed="True" />
                  <test-case description="Should export Get-MDEManagedDefenderProductType function" name="MDEValidator Module.Module Import.Should export Get-MDEManagedDefenderProductType function" time="0.032" asserts="0" success="True" result="Success" executed="True" />
                  <test-case description="Should export Test-MDECloudExtendedTimeout function" name="MDEValidator Module.Module Import.Should export Test-MDECloudExtendedTimeout function" time="0.0344" asserts="0" success="True" result="Success" executed="True" />
                  <test-case description="Should export Test-MDEDisableCatchupQuickScan function" name="MDEValidator Module.Module Import.Should export Test-MDEDisableCatchupQuickScan function" time="0.0217" asserts="0" success="True" result="Success" executed="True" />
                  <test-case description="Should export Test-MDERealTimeScanDirection function" name="MDEValidator Module.Module Import.Should export Test-MDERealTimeScanDirection function" time="0.0317" asserts="0" success="True" result="Success" executed="True" />
                  <test-case description="Should export Test-MDESignatureUpdateFallbackOrder function" name="MDEValidator Module.Module Import.Should export Test-MDESignatureUpdateFallbackOrder function" time="0.034" asserts="0" success="True" result="Success" executed="True" />
                </results>
              </test-suite>
              <test-suite type="TestFixture" name="MDEValidator Module.Get-MDEOperatingSystemInfo" executed="True" result="Success" success="True" time="1.1105" asserts="0" description="MDEValidator Module.Get-MDEOperatingSystemInfo">
                <results>
                  <test-case description="Should return a non-empty string" name="MDEValidator Module.Get-MDEOperatingSystemInfo.Should return a non-empty string" time="0.0302" asserts="0" success="True" result="Success" executed="True" />
                  <test-case description="Should return OS information or Unknown OS" name="MDEValidator Module.Get-MDEOperatingSystemInfo.Should return OS information or Unknown OS" time="0.0224" asserts="0" success="True" result="Success" executed="True" />
                </results>
              </test-suite>
              <test-suite type="TestFixture" name="MDEValidator Module.Get-MDESecuritySettingsManagementStatus" executed="True" result="Success" success="True" time="1.2252" asserts="0" description="MDEValidator Module.Get-MDESecuritySettingsManagementStatus">
                <results>
                  <test-case description="Should return a non-empty string" name="MDEValidator Module.Get-MDESecuritySettingsManagementStatus.Should return a non-empty string" time="0.0482" asserts="0" success="True" result="Success" executed="True" />
                  <test-case description="Should return a valid status message" name="MDEValidator Module.Get-MDESecuritySettingsManagementStatus.Should return a valid status message" time="0.052" asserts="0" success="True" result="Success" executed="True" />
                </results>
              </test-suite>
              <test-suite type="TestFixture" name="MDEValidator Module.Get-MDEManagementTypeFallback" executed="True" result="Success" success="True" time="1.3529" asserts="0" description="MDEValidator Module.Get-MDEManagementTypeFallback">
                <results>
                  <test-case description="Should return a non-empty string" name="MDEValidator Module.Get-MDEManagementTypeFallback.Should return a non-empty string" time="0.046" asserts="0" success="True" result="Success" executed="True" />
                  <test-case description="Should return a valid management type" name="MDEValidator Module.Get-MDEManagementTypeFallback.Should return a valid management type" time="0.0326" asserts="0" success="True" result="Success" executed="True" />
                  <test-case description="Should export Get-MDEManagementTypeFallback function" name="MDEValidator Module.Get-MDEManagementTypeFallback.Should export Get-MDEManagementTypeFallback function" time="0.0167" asserts="0" success="True" result="Success" executed="True" />
                  <test-case description="Should document HideExclusionsFromLocalAdmins detection logic in function description" name="MDEValidator Module.Get-MDEManagementTypeFallback.Should document HideExclusionsFromLocalAdmins detection logic in function description" time="0.0197" asserts="0" success="True" result="Success" executed="True" />
                </results>
              </test-suite>
              <test-suite type="TestFixture" name="MDEValidator Module.Get-MDEManagedDefenderProductType" executed="True" result="Success" success="True" time="1.5199" asserts="0" description="MDEValidator Module.Get-MDEManagedDefenderProductType">
                <results>
                  <test-case description="Should return a PSCustomObject with expected properties" name="MDEValidator Module.Get-MDEManagedDefenderProductType.Should return a PSCustomObject with expected properties" time="0.0738" asserts="0" success="True" result="Success" executed="True" />
                  <test-case description="Should have ManagementType as a string" name="MDEValidator Module.Get-MDEManagedDefenderProductType.Should have ManagementType as a string" time="0.0393" asserts="0" success="True" result="Success" executed="True" />
                  <test-case description="Should indicate if device is managed for exclusions" name="MDEValidator Module.Get-MDEManagedDefenderProductType.Should indicate if device is managed for exclusions" time="0.0398" asserts="0" success="True" result="Success" executed="True" />
                </results>
              </test-suite>
              <test-suite type="TestFixture" name="MDEValidator Module.Test-MDEPassiveMode" executed="True" result="Success" success="True" time="1.7863" asserts="0" description="MDEValidator Module.Test-MDEPassiveMode">
                <results>
                  <test-case description="Should return a PSCustomObject with expected properties" name="MDEValidator Module.Test-MDEPassiveMode.Should return a PSCustomObject with expected properties" time="0.17" asserts="0" success="True" result="Success" executed="True" />
                  <test-case description="Should mention passive mode or active mode in the message" name="MDEValidator Module.Test-MDEPassiveMode.Should mention passive mode or active mode in the message" time="0.0843" asserts="0" success="True" result="Success" executed="True" />
                </results>
              </test-suite>
              <test-suite type="TestFixture" name="MDEValidator Module.Test-MDEServiceStatus" executed="True" result="Success" success="True" time="1.8354" asserts="0" description="MDEValidator Module.Test-MDEServiceStatus">
                <results>
                  <test-case description="Should return a PSCustomObject with expected properties" name="MDEValidator Module.Test-MDEServiceStatus.Should return a PSCustomObject with expected properties" time="0.0366" asserts="0" success="True" result="Success" executed="True" />
                </results>
              </test-suite>
              <test-suite type="TestFixture" name="MDEValidator Module.Test-MDERealTimeProtection" executed="True" result="Success" success="True" time="1.9522" asserts="0" description="MDEValidator Module.Test-MDERealTimeProtection">
                <results>
                  <test-case description="Should return a PSCustomObject with expected properties" name="MDEValidator Module.Test-MDERealTimeProtection.Should return a PSCustomObject with expected properties" time="0.1017" asserts="0" success="True" result="Success" executed="True" />
                </results>
              </test-suite>
              <test-suite type="TestFixture" name="MDEValidator Module.Test-MDECloudProtection" executed="True" result="Success" success="True" time="2.067" asserts="0" description="MDEValidator Module.Test-MDECloudProtection">
                <results>
                  <test-case description="Should return a PSCustomObject with expected properties" name="MDEValidator Module.Test-MDECloudProtection.Should return a PSCustomObject with expected properties" time="0.1017" asserts="0" success="True" result="Success" executed="True" />
                </results>
              </test-suite>
              <test-suite type="TestFixture" name="MDEValidator Module.Test-MDESampleSubmission" executed="True" result="Success" success="True" time="2.1801" asserts="0" description="MDEValidator Module.Test-MDESampleSubmission">
                <results>
                  <test-case description="Should return a PSCustomObject with expected properties" name="MDEValidator Module.Test-MDESampleSubmission.Should return a PSCustomObject with expected properties" time="0.1004" asserts="0" success="True" result="Success" executed="True" />
                </results>
              </test-suite>
              <test-suite type="TestFixture" name="MDEValidator Module.Test-MDEBehaviorMonitoring" executed="True" result="Success" success="True" time="2.2893" asserts="0" description="MDEValidator Module.Test-MDEBehaviorMonitoring">
                <results>
                  <test-case description="Should return a PSCustomObject with expected properties" name="MDEValidator Module.Test-MDEBehaviorMonitoring.Should return a PSCustomObject with expected properties" time="0.0971" asserts="0" success="True" result="Success" executed="True" />
                </results>
              </test-suite>
              <test-suite type="TestFixture" name="MDEValidator Module.Test-MDEOnboardingStatus" executed="True" result="Success" success="True" time="2.3333" asserts="0" description="MDEValidator Module.Test-MDEOnboardingStatus">
                <results>
                  <test-case description="Should return a PSCustomObject with expected properties" name="MDEValidator Module.Test-MDEOnboardingStatus.Should return a PSCustomObject with expected properties" time="0.0284" asserts="0" success="True" result="Success" executed="True" />
                </results>
              </test-suite>
              <test-suite type="TestFixture" name="MDEValidator Module.Test-MDENetworkProtection" executed="True" result="Success" success="True" time="2.441" asserts="0" description="MDEValidator Module.Test-MDENetworkProtection">
                <results>
                  <test-case description="Should return a PSCustomObject with expected properties" name="MDEValidator Module.Test-MDENetworkProtection.Should return a PSCustomObject with expected properties" time="0.0959" asserts="0" success="True" result="Success" executed="True" />
                </results>
              </test-suite>
              <test-suite type="TestFixture" name="MDEValidator Module.Test-MDENetworkProtectionWindowsServer" executed="True" result="Success" success="True" time="2.5655" asserts="0" description="MDEValidator Module.Test-MDENetworkProtectionWindowsServer">
                <results>
                  <test-case description="Should return a PSCustomObject with expected properties" name="MDEValidator Module.Test-MDENetworkProtectionWindowsServer.Should return a PSCustomObject with expected properties" time="0.044" asserts="0" success="True" result="Success" executed="True" />
                  <test-case description="Should export Test-MDENetworkProtectionWindowsServer function" name="MDEValidator Module.Test-MDENetworkProtectionWindowsServer.Should export Test-MDENetworkProtectionWindowsServer function" time="0.0309" asserts="0" success="True" result="Success" executed="True" />
                  <test-case description="Should mention Windows Server or NotApplicable in the message" name="MDEValidator Module.Test-MDENetworkProtectionWindowsServer.Should mention Windows Server or NotApplicable in the message" time="0.0375" asserts="0" success="True" result="Success" executed="True" />
                </results>
              </test-suite>
              <test-suite type="TestFixture" name="MDEValidator Module.Test-MDEDatagramProcessingWindowsServer" executed="True" result="Success" success="True" time="2.6546" asserts="0" description="MDEValidator Module.Test-MDEDatagramProcessingWindowsServer">
                <results>
                  <test-case description="Should return a PSCustomObject with expected properties" name="MDEValidator Module.Test-MDEDatagramProcessingWindowsServer.Should return a PSCustomObject with expected properties" time="0.0265" asserts="0" success="True" result="Success" executed="True" />
                  <test-case description="Should export Test-MDEDatagramProcessingWindowsServer function" name="MDEValidator Module.Test-MDEDatagramProcessingWindowsServer.Should export Test-MDEDatagramProcessingWindowsServer function" time="0.0308" asserts="0" success="True" result="Success" executed="True" />
                  <test-case description="Should mention Windows Server or NotApplicable in the message" name="MDEValidator Module.Test-MDEDatagramProcessingWindowsServer.Should mention Windows Server or NotApplicable in the message" time="0.02" asserts="0" success="True" result="Success" executed="True" />
                </results>
              </test-suite>
              <test-suite type="TestFixture" name="MDEValidator Module.Test-MDEAutoExclusionsWindowsServer" executed="True" result="Success" success="True" time="2.745" asserts="0" description="MDEValidator Module.Test-MDEAutoExclusionsWindowsServer">
                <results>
                  <test-case description="Should return a PSCustomObject with expected properties" name="MDEValidator Module.Test-MDEAutoExclusionsWindowsServer.Should return a PSCustomObject with expected properties" time="0.0407" asserts="0" success="True" result="Success" executed="True" />
                  <test-case description="Should export Test-MDEAutoExclusionsWindowsServer function" name="MDEValidator Module.Test-MDEAutoExclusionsWindowsServer.Should export Test-MDEAutoExclusionsWindowsServer function" time="0.0157" asserts="0" success="True" result="Success" executed="True" />
                  <test-case description="Should mention Auto Exclusions, Windows Server or NotApplicable in the message" name="MDEValidator Module.Test-MDEAutoExclusionsWindowsServer.Should mention Auto Exclusions, Windows Server or NotApplicable in the message" time="0.0194" asserts="0" success="True" result="Success" executed="True" />
                </results>
              </test-suite>
              <test-suite type="TestFixture" name="MDEValidator Module.Test-MDEAttackSurfaceReduction" executed="True" result="Success" success="True" time="2.962" asserts="0" description="MDEValidator Module.Test-MDEAttackSurfaceReduction">
                <results>
                  <test-case description="Should return a PSCustomObject with expected properties" name="MDEValidator Module.Test-MDEAttackSurfaceReduction.Should return a PSCustomObject with expected properties" time="0.1206" asserts="0" success="True" result="Success" executed="True" />
                  <test-case description="Should mention ASR rules or error message in output" name="MDEValidator Module.Test-MDEAttackSurfaceReduction.Should mention ASR rules or error message in output" time="0.0849" asserts="0" success="True" result="Success" executed="True" />
                </results>
              </test-suite>
              <test-suite type="TestFixture" name="MDEValidator Module.Test-MDESmartScreen" executed="True" result="Success" success="True" time="3.054" asserts="0" description="MDEValidator Module.Test-MDESmartScreen">
                <results>
                  <test-case description="Should return a PSCustomObject with expected properties" name="MDEValidator Module.Test-MDESmartScreen.Should return a PSCustomObject with expected properties" time="0.0484" asserts="0" success="True" result="Success" executed="True" />
                  <test-case description="Should export Test-MDESmartScreen function" name="MDEValidator Module.Test-MDESmartScreen.Should export Test-MDESmartScreen function" time="0.0314" asserts="0" success="True" result="Success" executed="True" />
                </results>
              </test-suite>
              <test-suite type="TestFixture" name="MDEValidator Module.Test-MDESmartScreenPUA" executed="True" result="Success" success="True" time="3.1398" asserts="0" description="MDEValidator Module.Test-MDESmartScreenPUA">
                <results>
                  <test-case description="Should return a PSCustomObject with expected properties" name="MDEValidator Module.Test-MDESmartScreenPUA.Should return a PSCustomObject with expected properties" time="0.038" asserts="0" success="True" result="Success" executed="True" />
                  <test-case description="Should export Test-MDESmartScreenPUA function" name="MDEValidator Module.Test-MDESmartScreenPUA.Should export Test-MDESmartScreenPUA function" time="0.0157" asserts="0" success="True" result="Success" executed="True" />
                  <test-case description="Should mention SmartScreen PUA or error message in output" name="MDEValidator Module.Test-MDESmartScreenPUA.Should mention SmartScreen PUA or error message in output" time="0.0209" asserts="0" success="True" result="Success" executed="True" />
                </results>
              </test-suite>
              <test-suite type="TestFixture" name="MDEValidator Module.Test-MDESmartScreenPromptOverride" executed="True" result="Success" success="True" time="3.2299" asserts="0" description="MDEValidator Module.Test-MDESmartScreenPromptOverride">
                <results>
                  <test-case description="Should return a PSCustomObject with expected properties" name="MDEValidator Module.Test-MDESmartScreenPromptOverride.Should return a PSCustomObject with expected properties" time="0.0298" asserts="0" success="True" result="Success" executed="True" />
                  <test-case description="Should export Test-MDESmartScreenPromptOverride function" name="MDEValidator Module.Test-MDESmartScreenPromptOverride.Should export Test-MDESmartScreenPromptOverride function" time="0.0294" asserts="0" success="True" result="Success" executed="True" />
                  <test-case description="Should mention SmartScreen prompt override or error message in output" name="MDEValidator Module.Test-MDESmartScreenPromptOverride.Should mention SmartScreen prompt override or error message in output" time="0.0188" asserts="0" success="True" result="Success" executed="True" />
                </results>
              </test-suite>
              <test-suite type="TestFixture" name="MDEValidator Module.Test-MDESmartScreenDownloadOverride" executed="True" result="Success" success="True" time="3.3296" asserts="0" description="MDEValidator Module.Test-MDESmartScreenDownloadOverride">
                <results>
                  <test-case description="Should return a PSCustomObject with expected properties" name="MDEValidator Module.Test-MDESmartScreenDownloadOverride.Should return a PSCustomObject with expected properties" time="0.0482" asserts="0" success="True" result="Success" executed="True" />
                  <test-case description="Should export Test-MDESmartScreenDownloadOverride function" name="MDEValidator Module.Test-MDESmartScreenDownloadOverride.Should export Test-MDESmartScreenDownloadOverride function" time="0.0155" asserts="0" success="True" result="Success" executed="True" />
                  <test-case description="Should mention SmartScreen download override or error message in output" name="MDEValidator Module.Test-MDESmartScreenDownloadOverride.Should mention SmartScreen download override or error message in output" time="0.0206" asserts="0" success="True" result="Success" executed="True" />
                </results>
              </test-suite>
              <test-suite type="TestFixture" name="MDEValidator Module.Test-MDESmartScreenDomainExclusions" executed="True" result="Success" success="True" time="3.4197" asserts="0" description="MDEValidator Module.Test-MDESmartScreenDomainExclusions">
                <results>
                  <test-case description="Should return a PSCustomObject with expected properties" name="MDEValidator Module.Test-MDESmartScreenDomainExclusions.Should return a PSCustomObject with expected properties" time="0.0351" asserts="0" success="True" result="Success" executed="True" />
                  <test-case description="Should export Test-MDESmartScreenDomainExclusions function" name="MDEValidator Module.Test-MDESmartScreenDomainExclusions.Should export Test-MDESmartScreenDomainExclusions function" time="0.0188" asserts="0" success="True" result="Success" executed="True" />
                  <test-case description="Should mention SmartScreen domain exclusions or error message in output" name="MDEValidator Module.Test-MDESmartScreenDomainExclusions.Should mention SmartScreen domain exclusions or error message in output" time="0.0248" asserts="0" success="True" result="Success" executed="True" />
                </results>
              </test-suite>
              <test-suite type="TestFixture" name="MDEValidator Module.Test-MDESmartScreenAppRepExclusions" executed="True" result="Success" success="True" time="3.5202" asserts="0" description="MDEValidator Module.Test-MDESmartScreenAppRepExclusions">
                <results>
                  <test-case description="Should return a PSCustomObject with expected properties" name="MDEValidator Module.Test-MDESmartScreenAppRepExclusions.Should return a PSCustomObject with expected properties" time="0.0466" asserts="0" success="True" result="Success" executed="True" />
                  <test-case description="Should export Test-MDESmartScreenAppRepExclusions function" name="MDEValidator Module.Test-MDESmartScreenAppRepExclusions.Should export Test-MDESmartScreenAppRepExclusions function" time="0.02" asserts="0" success="True" result="Success" executed="True" />
                  <test-case description="Should mention SmartScreen AppRep exclusions or error message in output" name="MDEValidator Module.Test-MDESmartScreenAppRepExclusions.Should mention SmartScreen AppRep exclusions or error message in output" time="0.0209" asserts="0" success="True" result="Success" executed="True" />
                </results>
              </test-suite>
              <test-suite type="TestFixture" name="MDEValidator Module.Test-MDEThreatDefaultActions" executed="True" result="Success" success="True" time="3.8644" asserts="0" description="MDEValidator Module.Test-MDEThreatDefaultActions">
                <results>
                  <test-case description="Should return a PSCustomObject with expected properties" name="MDEValidator Module.Test-MDEThreatDefaultActions.Should return a PSCustomObject with expected properties" time="0.1657" asserts="0" success="True" result="Success" executed="True" />
                  <test-case description="Should export Test-MDEThreatDefaultActions function" name="MDEValidator Module.Test-MDEThreatDefaultActions.Should export Test-MDEThreatDefaultActions function" time="0.0136" asserts="0" success="True" result="Success" executed="True" />
                  <test-case description="Should include threat level details or error message in the message" name="MDEValidator Module.Test-MDEThreatDefaultActions.Should include threat level details or error message in the message" time="0.1513" asserts="0" success="True" result="Success" executed="True" />
                </results>
              </test-suite>
              <test-suite type="TestFixture" name="MDEValidator Module.Test-MDETroubleshootingMode" executed="True" result="Success" success="True" time="4.0743" asserts="0" description="MDEValidator Module.Test-MDETroubleshootingMode">
                <results>
                  <test-case description="Should return a PSCustomObject with expected properties" name="MDEValidator Module.Test-MDETroubleshootingMode.Should return a PSCustomObject with expected properties" time="0.0994" asserts="0" success="True" result="Success" executed="True" />
                  <test-case description="Should export Test-MDETroubleshootingMode function" name="MDEValidator Module.Test-MDETroubleshootingMode.Should export Test-MDETroubleshootingMode function" time="0.0136" asserts="0" success="True" result="Success" executed="True" />
                  <test-case description="Should mention Troubleshooting Mode or error message in the message" name="MDEValidator Module.Test-MDETroubleshootingMode.Should mention Troubleshooting Mode or error message in the message" time="0.0865" asserts="0" success="True" result="Success" executed="True" />
                </results>
              </test-suite>
              <test-suite type="TestFixture" name="MDEValidator Module.Test-MDEExclusionVisibilityLocalAdmins" executed="True" result="Success" success="True" time="4.3181" asserts="0" description="MDEValidator Module.Test-MDEExclusionVisibilityLocalAdmins">
                <results>
                  <test-case description="Should return a PSCustomObject with expected properties" name="MDEValidator Module.Test-MDEExclusionVisibilityLocalAdmins.Should return a PSCustomObject with expected properties" time="0.1062" asserts="0" success="True" result="Success" executed="True" />
                  <test-case description="Should export Test-MDEExclusionVisibilityLocalAdmins function" name="MDEValidator Module.Test-MDEExclusionVisibilityLocalAdmins.Should export Test-MDEExclusionVisibilityLocalAdmins function" time="0.0136" asserts="0" success="True" result="Success" executed="True" />
                  <test-case description="Should mention local administrators in the message" name="MDEValidator Module.Test-MDEExclusionVisibilityLocalAdmins.Should mention local administrators in the message" time="0.1139" asserts="0" success="True" result="Success" executed="True" />
                </results>
              </test-suite>
              <test-suite type="TestFixture" name="MDEValidator Module.Test-MDEExclusionVisibilityLocalUsers" executed="True" result="Success" success="True" time="4.5531" asserts="0" description="MDEValidator Module.Test-MDEExclusionVisibilityLocalUsers">
                <results>
                  <test-case description="Should return a PSCustomObject with expected properties" name="MDEValidator Module.Test-MDEExclusionVisibilityLocalUsers.Should return a PSCustomObject with expected properties" time="0.1166" asserts="0" success="True" result="Success" executed="True" />
                  <test-case description="Should export Test-MDEExclusionVisibilityLocalUsers function" name="MDEValidator Module.Test-MDEExclusionVisibilityLocalUsers.Should export Test-MDEExclusionVisibilityLocalUsers function" time="0.0124" asserts="0" success="True" result="Success" executed="True" />
                  <test-case description="Should mention local users in the message" name="MDEValidator Module.Test-MDEExclusionVisibilityLocalUsers.Should mention local users in the message" time="0.0951" asserts="0" success="True" result="Success" executed="True" />
                </results>
              </test-suite>
              <test-suite type="TestFixture" name="MDEValidator Module.Test-MDECloudBlockLevel" executed="True" result="Success" success="True" time="4.7597" asserts="0" description="MDEValidator Module.Test-MDECloudBlockLevel">
                <results>
                  <test-case description="Should return a PSCustomObject with expected properties" name="MDEValidator Module.Test-MDECloudBlockLevel.Should return a PSCustomObject with expected properties" time="0.1004" asserts="0" success="True" result="Success" executed="True" />
                  <test-case description="Should export Test-MDECloudBlockLevel function" name="MDEValidator Module.Test-MDECloudBlockLevel.Should export Test-MDECloudBlockLevel function" time="0.0125" asserts="0" success="True" result="Success" executed="True" />
                  <test-case description="Should mention Cloud Block Level or error message in output" name="MDEValidator Module.Test-MDECloudBlockLevel.Should mention Cloud Block Level or error message in output" time="0.0832" asserts="0" success="True" result="Success" executed="True" />
                </results>
              </test-suite>
              <test-suite type="TestFixture" name="MDEValidator Module.Test-MDETamperProtection" executed="True" result="Success" success="True" time="4.9318" asserts="0" description="MDEValidator Module.Test-MDETamperProtection">
                <results>
                  <test-case description="Should return a PSCustomObject with expected properties" name="MDEValidator Module.Test-MDETamperProtection.Should return a PSCustomObject with expected properties" time="0.087" asserts="0" success="True" result="Success" executed="True" />
                  <test-case description="Should export Test-MDETamperProtection function" name="MDEValidator Module.Test-MDETamperProtection.Should export Test-MDETamperProtection function" time="0.0134" asserts="0" success="True" result="Success" executed="True" />
                  <test-case description="Should mention Tamper Protection or error message in output" name="MDEValidator Module.Test-MDETamperProtection.Should mention Tamper Protection or error message in output" time="0.0617" asserts="0" success="True" result="Success" executed="True" />
                </results>
              </test-suite>
              <test-suite type="TestFixture" name="MDEValidator Module.Test-MDECloudExtendedTimeout" executed="True" result="Success" success="True" time="5.1568" asserts="0" description="MDEValidator Module.Test-MDECloudExtendedTimeout">
                <results>
                  <test-case description="Should return a PSCustomObject with expected properties" name="MDEValidator Module.Test-MDECloudExtendedTimeout.Should return a PSCustomObject with expected properties" time="0.0997" asserts="0" success="True" result="Success" executed="True" />
                  <test-case description="Should export Test-MDECloudExtendedTimeout function" name="MDEValidator Module.Test-MDECloudExtendedTimeout.Should export Test-MDECloudExtendedTimeout function" time="0.0129" asserts="0" success="True" result="Success" executed="True" />
                  <test-case description="Should mention Cloud Extended Timeout or error message in output" name="MDEValidator Module.Test-MDECloudExtendedTimeout.Should mention Cloud Extended Timeout or error message in output" time="0.0992" asserts="0" success="True" result="Success" executed="True" />
                </results>
              </test-suite>
              <test-suite type="TestFixture" name="MDEValidator Module.Test-MDEDisableCatchupQuickScan" executed="True" result="Success" success="True" time="5.3606" asserts="0" description="MDEValidator Module.Test-MDEDisableCatchupQuickScan">
                <results>
                  <test-case description="Should return a PSCustomObject with expected properties" name="MDEValidator Module.Test-MDEDisableCatchupQuickScan.Should return a PSCustomObject with expected properties" time="0.0932" asserts="0" success="True" result="Success" executed="True" />
                  <test-case description="Should export Test-MDEDisableCatchupQuickScan function" name="MDEValidator Module.Test-MDEDisableCatchupQuickScan.Should export Test-MDEDisableCatchupQuickScan function" time="0.0124" asserts="0" success="True" result="Success" executed="True" />
                  <test-case description="Should mention Catchup Quick Scan or error message in output" name="MDEValidator Module.Test-MDEDisableCatchupQuickScan.Should mention Catchup Quick Scan or error message in output" time="0.0877" asserts="0" success="True" result="Success" executed="True" />
                </results>
              </test-suite>
              <test-suite type="TestFixture" name="MDEValidator Module.Test-MDERealTimeScanDirection" executed="True" result="Success" success="True" time="5.5781" asserts="0" description="MDEValidator Module.Test-MDERealTimeScanDirection">
                <results>
                  <test-case description="Should return a PSCustomObject with expected properties" name="MDEValidator Module.Test-MDERealTimeScanDirection.Should return a PSCustomObject with expected properties" time="0.0942" asserts="0" success="True" result="Success" executed="True" />
                  <test-case description="Should export Test-MDERealTimeScanDirection function" name="MDEValidator Module.Test-MDERealTimeScanDirection.Should export Test-MDERealTimeScanDirection function" time="0.0121" asserts="0" success="True" result="Success" executed="True" />
                  <test-case description="Should mention Real Time Scan Direction or error message in output" name="MDEValidator Module.Test-MDERealTimeScanDirection.Should mention Real Time Scan Direction or error message in output" time="0.1002" asserts="0" success="True" result="Success" executed="True" />
                </results>
              </test-suite>
              <test-suite type="TestFixture" name="MDEValidator Module.Test-MDESignatureUpdateFallbackOrder" executed="True" result="Success" success="True" time="5.7816" asserts="0" description="MDEValidator Module.Test-MDESignatureUpdateFallbackOrder">
                <results>
                  <test-case description="Should return a PSCustomObject with expected properties" name="MDEValidator Module.Test-MDESignatureUpdateFallbackOrder.Should return a PSCustomObject with expected properties" time="0.0989" asserts="0" success="True" result="Success" executed="True" />
                  <test-case description="Should export Test-MDESignatureUpdateFallbackOrder function" name="MDEValidator Module.Test-MDESignatureUpdateFallbackOrder.Should export Test-MDESignatureUpdateFallbackOrder function" time="0.0122" asserts="0" success="True" result="Success" executed="True" />
                  <test-case description="Should mention Signature Update Fallback Order or error message in output" name="MDEValidator Module.Test-MDESignatureUpdateFallbackOrder.Should mention Signature Update Fallback Order or error message in output" time="0.0819" asserts="0" success="True" result="Success" executed="True" />
                </results>
              </test-suite>
              <test-suite type="TestFixture" name="MDEValidator Module.Test-MDESignatureUpdateInterval" executed="True" result="Success" success="True" time="6.0071" asserts="0" description="MDEValidator Module.Test-MDESignatureUpdateInterval">
                <results>
                  <test-case description="Should return a PSCustomObject with expected properties" name="MDEValidator Module.Test-MDESignatureUpdateInterval.Should return a PSCustomObject with expected properties" time="0.1071" asserts="0" success="True" result="Success" executed="True" />
                  <test-case description="Should export Test-MDESignatureUpdateInterval function" name="MDEValidator Module.Test-MDESignatureUpdateInterval.Should export Test-MDESignatureUpdateInterval function" time="0.0273" asserts="0" success="True" result="Success" executed="True" />
                  <test-case description="Should mention Signature Update Interval or error message in output" name="MDEValidator Module.Test-MDESignatureUpdateInterval.Should mention Signature Update Interval or error message in output" time="0.0816" asserts="0" success="True" result="Success" executed="True" />
                </results>
              </test-suite>
              <test-suite type="TestFixture" name="MDEValidator Module.Test-MDEDisableLocalAdminMerge" executed="True" result="Success" success="True" time="6.1647" asserts="0" description="MDEValidator Module.Test-MDEDisableLocalAdminMerge">
                <results>
                  <test-case description="Should return a PSCustomObject with expected properties" name="MDEValidator Module.Test-MDEDisableLocalAdminMerge.Should return a PSCustomObject with expected properties" time="0.0747" asserts="0" success="True" result="Success" executed="True" />
                  <test-case description="Should export Test-MDEDisableLocalAdminMerge function" name="MDEValidator Module.Test-MDEDisableLocalAdminMerge.Should export Test-MDEDisableLocalAdminMerge function" time="0.0115" asserts="0" success="True" result="Success" executed="True" />
                  <test-case description="Should mention Disable Local Admin Merge or error message in output" name="MDEValidator Module.Test-MDEDisableLocalAdminMerge.Should mention Disable Local Admin Merge or error message in output" time="0.0596" asserts="0" success="True" result="Success" executed="True" />
                </results>
              </test-suite>
              <test-suite type="TestFixture" name="MDEValidator Module.Test-MDEFileHashComputation" executed="True" result="Success" success="True" time="6.3898" asserts="0" description="MDEValidator Module.Test-MDEFileHashComputation">
                <results>
                  <test-case description="Should return a PSCustomObject with expected properties" name="MDEValidator Module.Test-MDEFileHashComputation.Should return a PSCustomObject with expected properties" time="0.1087" asserts="0" success="True" result="Success" executed="True" />
                  <test-case description="Should export Test-MDEFileHashComputation function" name="MDEValidator Module.Test-MDEFileHashComputation.Should export Test-MDEFileHashComputation function" time="0.0264" asserts="0" success="True" result="Success" executed="True" />
                  <test-case description="Should mention File Hash Computation or error message in output" name="MDEValidator Module.Test-MDEFileHashComputation.Should mention File Hash Computation or error message in output" time="0.0814" asserts="0" success="True" result="Success" executed="True" />
                </results>
              </test-suite>
              <test-suite type="TestFixture" name="MDEValidator Module.Test-MDEConfiguration" executed="True" result="Success" success="True" time="12.5951" asserts="0" description="MDEValidator Module.Test-MDEConfiguration">
                <results>
                  <test-case description="Should return an array of results" name="MDEValidator Module.Test-MDEConfiguration.Should return an array of results" time="1.5237" asserts="0" success="True" result="Success" executed="True" />
                  <test-case description="Should include all basic tests when called without parameters" name="MDEValidator Module.Test-MDEConfiguration.Should include all basic tests when called without parameters" time="1.5261" asserts="0" success="True" result="Success" executed="True" />
                  <test-case description="Should include onboarding test when -IncludeOnboarding is specified" name="MDEValidator Module.Test-MDEConfiguration.Should include onboarding test when -IncludeOnboarding is specified" time="1.4765" asserts="0" success="True" result="Success" executed="True" />
                  <test-case description="Should include policy verification sub-tests when -IncludePolicyVerification is specified" name="MDEValidator Module.Test-MDEConfiguration.Should include policy verification sub-tests when -IncludePolicyVerification is specified" time="1.67" asserts="0" success="True" result="Success" executed="True" />
                </results>
              </test-suite>
              <test-suite type="TestFixture" name="MDEValidator Module.Get-MDEManagementType" executed="True" result="Success" success="True" time="12.6466" asserts="0" description="MDEValidator Module.Get-MDEManagementType">
                <results>
                  <test-case description="Should return a valid management type string" name="MDEValidator Module.Get-MDEManagementType.Should return a valid management type string" time="0.0147" asserts="0" success="True" result="Success" executed="True" />
                  <test-case description="Should export Get-MDEManagementType function" name="MDEValidator Module.Get-MDEManagementType.Should export Get-MDEManagementType function" time="0.0292" asserts="0" success="True" result="Success" executed="True" />
                </results>
              </test-suite>
              <test-suite type="TestFixture" name="MDEValidator Module.Get-MDEPolicyRegistryPath" executed="True" result="Success" success="True" time="12.7183" asserts="0" description="MDEValidator Module.Get-MDEPolicyRegistryPath">
                <results>
                  <test-case description="Should return Intune registry path for Intune management type" name="MDEValidator Module.Get-MDEPolicyRegistryPath.Should return Intune registry path for Intune management type" time="0.011" asserts="0" success="True" result="Success" executed="True" />
                  <test-case description="Should return standard registry path for Security Settings Management" name="MDEValidator Module.Get-MDEPolicyRegistryPath.Should return standard registry path for Security Settings Management" time="0.0094" asserts="0" success="True" result="Success" executed="True" />
                  <test-case description="Should return standard registry path for GPO" name="MDEValidator Module.Get-MDEPolicyRegistryPath.Should return standard registry path for GPO" time="0.0101" asserts="0" success="True" result="Success" executed="True" />
                  <test-case description="Should return standard registry path for SCCM" name="MDEValidator Module.Get-MDEPolicyRegistryPath.Should return standard registry path for SCCM" time="0.0225" asserts="0" success="True" result="Success" executed="True" />
                  <test-case description="Should export Get-MDEPolicyRegistryPath function" name="MDEValidator Module.Get-MDEPolicyRegistryPath.Should export Get-MDEPolicyRegistryPath function" time="0.0112" asserts="0" success="True" result="Success" executed="True" />
                </results>
              </test-suite>
              <test-suite type="TestFixture" name="MDEValidator Module.Get-MDEPolicySettingConfig" executed="True" result="Success" success="True" time="12.8428" asserts="0" description="MDEValidator Module.Get-MDEPolicySettingConfig">
                <results>
                  <test-case description="Should export Get-MDEPolicySettingConfig function" name="MDEValidator Module.Get-MDEPolicySettingConfig.Should export Get-MDEPolicySettingConfig function" time="0.0113" asserts="0" success="True" result="Success" executed="True" />
                  <test-case description="Should return correct Intune path for RealTimeProtection" name="MDEValidator Module.Get-MDEPolicySettingConfig.Should return correct Intune path for RealTimeProtection" time="0.0132" asserts="0" success="True" result="Success" executed="True" />
                  <test-case description="Should return correct GPO path for RealTimeProtection" name="MDEValidator Module.Get-MDEPolicySettingConfig.Should return correct GPO path for RealTimeProtection" time="0.0168" asserts="0" success="True" result="Success" executed="True" />
                  <test-case description="Should return correct Intune path for CloudProtection" name="MDEValidator Module.Get-MDEPolicySettingConfig.Should return correct Intune path for CloudProtection" time="0.0139" asserts="0" success="True" result="Success" executed="True" />
                  <test-case description="Should return correct GPO path for CloudProtection" name="MDEValidator Module.Get-MDEPolicySettingConfig.Should return correct GPO path for CloudProtection" time="0.0121" asserts="0" success="True" result="Success" executed="True" />
                  <test-case description="Should return same MpEngine path for CloudBlockLevel regardless of management type" name="MDEValidator Module.Get-MDEPolicySettingConfig.Should return same MpEngine path for CloudBlockLevel regardless of management type" time="0.0151" asserts="0" success="True" result="Success" executed="True" />
                  <test-case description="Should return correct Intune key name for SignatureFallbackOrder" name="MDEValidator Module.Get-MDEPolicySettingConfig.Should return correct Intune key name for SignatureFallbackOrder" time="0.0119" asserts="0" success="True" result="Success" executed="True" />
                  <test-case description="Should return correct GPO key name for SignatureFallbackOrder" name="MDEValidator Module.Get-MDEPolicySettingConfig.Should return correct GPO key name for SignatureFallbackOrder" time="0.0119" asserts="0" success="True" result="Success" executed="True" />
                  <test-case description="Should return DisplayName property" name="MDEValidator Module.Get-MDEPolicySettingConfig.Should return DisplayName property" time="0.0105" asserts="0" success="True" result="Success" executed="True" />
                </results>
              </test-suite>
              <test-suite type="TestFixture" name="MDEValidator Module.Test-MDEPolicyRegistryValue" executed="True" result="Success" success="True" time="12.9252" asserts="0" description="MDEValidator Module.Test-MDEPolicyRegistryValue">
                <results>
                  <test-case description="Should return a PSCustomObject with expected properties" name="MDEValidator Module.Test-MDEPolicyRegistryValue.Should return a PSCustomObject with expected properties" time="0.0447" asserts="0" success="True" result="Success" executed="True" />
                  <test-case description="Should return Found as boolean" name="MDEValidator Module.Test-MDEPolicyRegistryValue.Should return Found as boolean" time="0.02" asserts="0" success="True" result="Success" executed="True" />
                  <test-case description="Should export Test-MDEPolicyRegistryValue function" name="MDEValidator Module.Test-MDEPolicyRegistryValue.Should export Test-MDEPolicyRegistryValue function" time="0.0099" asserts="0" success="True" result="Success" executed="True" />
                </results>
              </test-suite>
              <test-suite type="TestFixture" name="MDEValidator Module.Test-MDEPolicyRegistryVerification" executed="True" result="Success" success="True" time="13.0539" asserts="0" description="MDEValidator Module.Test-MDEPolicyRegistryVerification">
                <results>
                  <test-case description="Should return a PSCustomObject with expected properties using SettingKey" name="MDEValidator Module.Test-MDEPolicyRegistryVerification.Should return a PSCustomObject with expected properties using SettingKey" time="0.0422" asserts="0" success="True" result="Success" executed="True" />
                  <test-case description="Should return a PSCustomObject with expected properties using legacy parameters" name="MDEValidator Module.Test-MDEPolicyRegistryVerification.Should return a PSCustomObject with expected properties using legacy parameters" time="0.0255" asserts="0" success="True" result="Success" executed="True" />
                  <test-case description="Should handle SSM-incompatible settings on SSM-managed devices" name="MDEValidator Module.Test-MDEPolicyRegistryVerification.Should handle SSM-incompatible settings on SSM-managed devices" time="0.0284" asserts="0" success="True" result="Success" executed="True" />
                  <test-case description="Should export Test-MDEPolicyRegistryVerification function" name="MDEValidator Module.Test-MDEPolicyRegistryVerification.Should export Test-MDEPolicyRegistryVerification function" time="0.0248" asserts="0" success="True" result="Success" executed="True" />
                </results>
              </test-suite>
              <test-suite type="TestFixture" name="MDEValidator Module.Get-MDEValidationReport" executed="True" result="Success" success="True" time="17.7691" asserts="0" description="MDEValidator Module.Get-MDEValidationReport">
                <results>
                  <test-case description="Should return results when OutputFormat is Object" name="MDEValidator Module.Get-MDEValidationReport.Should return results when OutputFormat is Object" time="1.4715" asserts="0" success="True" result="Success" executed="True" />
                  <test-case description="Should create HTML file when OutputFormat is HTML" name="MDEValidator Module.Get-MDEValidationReport.Should create HTML file when OutputFormat is HTML" time="1.5856" asserts="0" success="True" result="Success" executed="True" />
                  <test-case description="Should include policy verification sub-tests when -IncludePolicyVerification is specified" name="MDEValidator Module.Get-MDEValidationReport.Should include policy verification sub-tests when -IncludePolicyVerification is specified" time="1.6506" asserts="0" success="True" result="Success" executed="True" />
                </results>
              </test-suite>
            </results>
          </test-suite>
        </results>
      </test-suite>
      <test-suite type="TestFixture" name="C:\dev\MDEValidator\Tests\Private\ConvertTo-HtmlEncodedString.Tests.ps1" executed="True" result="Success" success="True" time="0.5156" asserts="0" description="C:\dev\MDEValidator\Tests\Private\ConvertTo-HtmlEncodedString.Tests.ps1">
        <results>
          <test-suite type="TestFixture" name="ConvertTo-HtmlEncodedString" executed="True" result="Success" success="True" time="0.0931" asserts="0" description="ConvertTo-HtmlEncodedString">
            <results>
              <test-suite type="TestFixture" name="ConvertTo-HtmlEncodedString.Empty and null input" executed="True" result="Success" success="True" time="0.0159" asserts="0" description="ConvertTo-HtmlEncodedString.Empty and null input">
                <results>
                  <test-case description="returns empty string when input is empty string" name="ConvertTo-HtmlEncodedString.Empty and null input.returns empty string when input is empty string" time="0.01" asserts="0" success="True" result="Success" executed="True" />
                </results>
              </test-suite>
              <test-suite type="TestFixture" name="ConvertTo-HtmlEncodedString.Plain text with no HTML characters" executed="True" result="Success" success="True" time="0.0301" asserts="0" description="ConvertTo-HtmlEncodedString.Plain text with no HTML characters">
                <results>
                  <test-case description="returns the original string when no HTML special characters are present" name="ConvertTo-HtmlEncodedString.Plain text with no HTML characters.returns the original string when no HTML special characters are present" time="0.0087" asserts="0" success="True" result="Success" executed="True" />
                </results>
              </test-suite>
              <test-suite type="TestFixture" name="ConvertTo-HtmlEncodedString.HTML special character encoding" executed="True" result="Success" success="True" time="0.0878" asserts="0" description="ConvertTo-HtmlEncodedString.HTML special character encoding">
                <results>
                  <test-case description="encodes less-than sign" name="ConvertTo-HtmlEncodedString.HTML special character encoding.encodes less-than sign" time="0.0086" asserts="0" success="True" result="Success" executed="True" />
                  <test-case description="encodes greater-than sign" name="ConvertTo-HtmlEncodedString.HTML special character encoding.encodes greater-than sign" time="0.0068" asserts="0" success="True" result="Success" executed="True" />
                  <test-case description="encodes ampersand" name="ConvertTo-HtmlEncodedString.HTML special character encoding.encodes ampersand" time="0.0062" asserts="0" success="True" result="Success" executed="True" />
                  <test-case description="encodes double quote" name="ConvertTo-HtmlEncodedString.HTML special character encoding.encodes double quote" time="0.0061" asserts="0" success="True" result="Success" executed="True" />
                  <test-case description="encodes a string containing multiple HTML special characters" name="ConvertTo-HtmlEncodedString.HTML special character encoding.encodes a string containing multiple HTML special characters" time="0.0082" asserts="0" success="True" result="Success" executed="True" />
                  <test-case description="returns a string type" name="ConvertTo-HtmlEncodedString.HTML special character encoding.returns a string type" time="0.0083" asserts="0" success="True" result="Success" executed="True" />
                </results>
              </test-suite>
            </results>
          </test-suite>
        </results>
      </test-suite>
      <test-suite type="TestFixture" name="C:\dev\MDEValidator\Tests\Private\Test-IsElevated.Tests.ps1" executed="True" result="Success" success="True" time="0.5033" asserts="0" description="C:\dev\MDEValidator\Tests\Private\Test-IsElevated.Tests.ps1">
        <results>
          <test-suite type="TestFixture" name="Test-IsElevated" executed="True" result="Success" success="True" time="0.0823" asserts="0" description="Test-IsElevated">
            <results>
              <test-suite type="TestFixture" name="Test-IsElevated.Return type contract" executed="True" result="Success" success="True" time="0.0245" asserts="0" description="Test-IsElevated.Return type contract">
                <results>
                  <test-case description="returns a boolean value" name="Test-IsElevated.Return type contract.returns a boolean value" time="0.0108" asserts="0" success="True" result="Success" executed="True" />
                  <test-case description="does not throw when called" name="Test-IsElevated.Return type contract.does not throw when called" time="0.0079" asserts="0" success="True" result="Success" executed="True" />
                </results>
              </test-suite>
              <test-suite type="TestFixture" name="Test-IsElevated.Elevated session (mocked)" executed="True" result="Success" success="True" time="0.0531" asserts="0" description="Test-IsElevated.Elevated session (mocked)">
                <results>
                  <test-case description="returns true when WindowsPrincipal reports Administrator role" name="Test-IsElevated.Elevated session (mocked).returns true when WindowsPrincipal reports Administrator role" time="0.0221" asserts="0" success="True" result="Success" executed="True" />
                </results>
              </test-suite>
              <test-suite type="TestFixture" name="Test-IsElevated.Non-elevated session (mocked)" executed="True" result="Success" success="True" time="0.0768" asserts="0" description="Test-IsElevated.Non-elevated session (mocked)">
                <results>
                  <test-case description="returns false when WindowsPrincipal reports non-Administrator role" name="Test-IsElevated.Non-elevated session (mocked).returns false when WindowsPrincipal reports non-Administrator role" time="0.0179" asserts="0" success="True" result="Success" executed="True" />
                </results>
              </test-suite>
            </results>
          </test-suite>
        </results>
      </test-suite>
      <test-suite type="TestFixture" name="C:\dev\MDEValidator\Tests\Private\Test-IsWindowsServer.Tests.ps1" executed="True" result="Success" success="True" time="0.6667" asserts="0" description="C:\dev\MDEValidator\Tests\Private\Test-IsWindowsServer.Tests.ps1">
        <results>
          <test-suite type="TestFixture" name="Test-IsWindowsServer" executed="True" result="Success" success="True" time="0.2443" asserts="0" description="Test-IsWindowsServer">
            <results>
              <test-suite type="TestFixture" name="Test-IsWindowsServer.Server OS detection via InstallationType" executed="True" result="Success" success="True" time="0.0907" asserts="0" description="Test-IsWindowsServer.Server OS detection via InstallationType">
                <results>
                  <test-case description="returns true when InstallationType is Server" name="Test-IsWindowsServer.Server OS detection via InstallationType.returns true when InstallationType is Server" time="0.0279" asserts="0" success="True" result="Success" executed="True" />
                  <test-case description="returns true when InstallationType is Server Core" name="Test-IsWindowsServer.Server OS detection via InstallationType.returns true when InstallationType is Server Core" time="0.0298" asserts="0" success="True" result="Success" executed="True" />
                  <test-case description="returns false when InstallationType is Client" name="Test-IsWindowsServer.Server OS detection via InstallationType.returns false when InstallationType is Client" time="0.0263" asserts="0" success="True" result="Success" executed="True" />
                </results>
              </test-suite>
              <test-suite type="TestFixture" name="Test-IsWindowsServer.Fallback to ProductName when InstallationType missing" executed="True" result="Success" success="True" time="0.1549" asserts="0" description="Test-IsWindowsServer.Fallback to ProductName when InstallationType missing">
                <results>
                  <test-case description="returns true when ProductName starts with Windows Server" name="Test-IsWindowsServer.Fallback to ProductName when InstallationType missing.returns true when ProductName starts with Windows Server" time="0.0273" asserts="0" success="True" result="Success" executed="True" />
                  <test-case description="returns false when ProductName is a client OS" name="Test-IsWindowsServer.Fallback to ProductName when InstallationType missing.returns false when ProductName is a client OS" time="0.0308" asserts="0" success="True" result="Success" executed="True" />
                </results>
              </test-suite>
              <test-suite type="TestFixture" name="Test-IsWindowsServer.Error handling" executed="True" result="Success" success="True" time="0.2381" asserts="0" description="Test-IsWindowsServer.Error handling">
                <results>
                  <test-case description="returns false when registry path does not exist" name="Test-IsWindowsServer.Error handling.returns false when registry path does not exist" time="0.0188" asserts="0" success="True" result="Success" executed="True" />
                  <test-case description="returns false when Get-ItemProperty throws" name="Test-IsWindowsServer.Error handling.returns false when Get-ItemProperty throws" time="0.0321" asserts="0" success="True" result="Success" executed="True" />
                  <test-case description="returns a boolean value" name="Test-IsWindowsServer.Error handling.returns a boolean value" time="0.0262" asserts="0" success="True" result="Success" executed="True" />
                </results>
              </test-suite>
            </results>
          </test-suite>
        </results>
      </test-suite>
      <test-suite type="TestFixture" name="C:\dev\MDEValidator\Tests\Private\Write-ValidationResult.Tests.ps1" executed="True" result="Success" success="True" time="0.5687" asserts="0" description="C:\dev\MDEValidator\Tests\Private\Write-ValidationResult.Tests.ps1">
        <results>
          <test-suite type="TestFixture" name="Write-ValidationResult" executed="True" result="Success" success="True" time="0.1403" asserts="0" description="Write-ValidationResult">
            <results>
              <test-suite type="TestFixture" name="Write-ValidationResult.Return type and shape" executed="True" result="Success" success="True" time="0.0556" asserts="0" description="Write-ValidationResult.Return type and shape">
                <results>
                  <test-case description="returns a PSCustomObject" name="Write-ValidationResult.Return type and shape.returns a PSCustomObject" time="0.0116" asserts="0" success="True" result="Success" executed="True" />
                  <test-case description="result includes TestName property matching the provided value" name="Write-ValidationResult.Return type and shape.result includes TestName property matching the provided value" time="0.0068" asserts="0" success="True" result="Success" executed="True" />
                  <test-case description="result includes Status property matching the provided value" name="Write-ValidationResult.Return type and shape.result includes Status property matching the provided value" time="0.0068" asserts="0" success="True" result="Success" executed="True" />
                  <test-case description="result includes Message property" name="Write-ValidationResult.Return type and shape.result includes Message property" time="0.0063" asserts="0" success="True" result="Success" executed="True" />
                  <test-case description="result includes Recommendation property" name="Write-ValidationResult.Return type and shape.result includes Recommendation property" time="0.0073" asserts="0" success="True" result="Success" executed="True" />
                  <test-case description="result includes Timestamp property" name="Write-ValidationResult.Return type and shape.result includes Timestamp property" time="0.0064" asserts="0" success="True" result="Success" executed="True" />
                </results>
              </test-suite>
              <test-suite type="TestFixture" name="Write-ValidationResult.Status values" executed="True" result="Success" success="True" time="0.0979" asserts="0" description="Write-ValidationResult.Status values">
                <results>
                  <test-case description="accepts Pass status" name="Write-ValidationResult.Status values.accepts Pass status" time="0.008" asserts="0" success="True" result="Success" executed="True" />
                  <test-case description="accepts Fail status" name="Write-ValidationResult.Status values.accepts Fail status" time="0.0078" asserts="0" success="True" result="Success" executed="True" />
                  <test-case description="accepts Warning status" name="Write-ValidationResult.Status values.accepts Warning status" time="0.0069" asserts="0" success="True" result="Success" executed="True" />
                  <test-case description="accepts Info status" name="Write-ValidationResult.Status values.accepts Info status" time="0.0067" asserts="0" success="True" result="Success" executed="True" />
                  <test-case description="accepts NotApplicable status" name="Write-ValidationResult.Status values.accepts NotApplicable status" time="0.0067" asserts="0" success="True" result="Success" executed="True" />
                </results>
              </test-suite>
              <test-suite type="TestFixture" name="Write-ValidationResult.Optional parameters" executed="True" result="Success" success="True" time="0.1348" asserts="0" description="Write-ValidationResult.Optional parameters">
                <results>
                  <test-case description="stores provided Message value" name="Write-ValidationResult.Optional parameters.stores provided Message value" time="0.009" asserts="0" success="True" result="Success" executed="True" />
                  <test-case description="stores provided Recommendation value" name="Write-ValidationResult.Optional parameters.stores provided Recommendation value" time="0.0069" asserts="0" success="True" result="Success" executed="True" />
                  <test-case description="defaults Message to empty string when not provided" name="Write-ValidationResult.Optional parameters.defaults Message to empty string when not provided" time="0.0067" asserts="0" success="True" result="Success" executed="True" />
                  <test-case description="defaults Recommendation to empty string when not provided" name="Write-ValidationResult.Optional parameters.defaults Recommendation to empty string when not provided" time="0.0069" asserts="0" success="True" result="Success" executed="True" />
                </results>
              </test-suite>
            </results>
          </test-suite>
        </results>
      </test-suite>
      <test-suite type="TestFixture" name="C:\dev\MDEValidator\Tests\Public\Get-MDEManagedDefenderProductType.Tests.ps1" executed="True" result="Success" success="True" time="0.5843" asserts="0" description="C:\dev\MDEValidator\Tests\Public\Get-MDEManagedDefenderProductType.Tests.ps1">
        <results>
          <test-suite type="TestFixture" name="Get-MDEManagedDefenderProductType" executed="True" result="Success" success="True" time="0.1685" asserts="0" description="Get-MDEManagedDefenderProductType">
            <results>
              <test-suite type="TestFixture" name="Get-MDEManagedDefenderProductType.Intune-only managed (value 6)" executed="True" result="Success" success="True" time="0.0649" asserts="0" description="Get-MDEManagedDefenderProductType.Intune-only managed (value 6)">
                <results>
                  <test-case description="returns Intune management type when ManagedDefenderProductType is 6" name="Get-MDEManagedDefenderProductType.Intune-only managed (value 6).returns Intune management type when ManagedDefenderProductType is 6" time="0.0591" asserts="0" success="True" result="Success" executed="True" />
                </results>
              </test-suite>
              <test-suite type="TestFixture" name="Get-MDEManagedDefenderProductType.No management registry key" executed="True" result="Success" success="True" time="0.1004" asserts="0" description="Get-MDEManagedDefenderProductType.No management registry key">
                <results>
                  <test-case description="returns Unknown when no registry values are present" name="Get-MDEManagedDefenderProductType.No management registry key.returns Unknown when no registry values are present" time="0.0299" asserts="0" success="True" result="Success" executed="True" />
                </results>
              </test-suite>
              <test-suite type="TestFixture" name="Get-MDEManagedDefenderProductType.Co-managed (value 7 with EnrollmentStatus 3)" executed="True" result="Success" success="True" time="0.159" asserts="0" description="Get-MDEManagedDefenderProductType.Co-managed (value 7 with EnrollmentStatus 3)">
                <results>
                  <test-case description="returns co-managed type when ManagedDefenderProductType is 7 and EnrollmentStatus is 3" name="Get-MDEManagedDefenderProductType.Co-managed (value 7 with EnrollmentStatus 3).returns co-managed type when ManagedDefenderProductType is 7 and EnrollmentStatus is 3" time="0.0525" asserts="0" success="True" result="Success" executed="True" />
                </results>
              </test-suite>
            </results>
          </test-suite>
        </results>
      </test-suite>
      <test-suite type="TestFixture" name="C:\dev\MDEValidator\Tests\Public\Get-MDEManagementType.Tests.ps1" executed="True" result="Success" success="True" time="0.5613" asserts="0" description="C:\dev\MDEValidator\Tests\Public\Get-MDEManagementType.Tests.ps1">
        <results>
          <test-suite type="TestFixture" name="Get-MDEManagementType" executed="True" result="Success" success="True" time="0.1422" asserts="0" description="Get-MDEManagementType">
            <results>
              <test-suite type="TestFixture" name="Get-MDEManagementType.Intune-only (ManagedDefenderProductType 6)" executed="True" result="Success" success="True" time="0.0396" asserts="0" description="Get-MDEManagementType.Intune-only (ManagedDefenderProductType 6)">
                <results>
                  <test-case description="returns Intune when ManagedDefenderProductType is 6" name="Get-MDEManagementType.Intune-only (ManagedDefenderProductType 6).returns Intune when ManagedDefenderProductType is 6" time="0.034" asserts="0" success="True" result="Success" executed="True" />
                </results>
              </test-suite>
              <test-suite type="TestFixture" name="Get-MDEManagementType.Security Settings Management via EnrollmentStatus" executed="True" result="Success" success="True" time="0.1027" asserts="0" description="Get-MDEManagementType.Security Settings Management via EnrollmentStatus">
                <results>
                  <test-case description="returns SecuritySettingsManagement when EnrollmentStatus is 1" name="Get-MDEManagementType.Security Settings Management via EnrollmentStatus.returns SecuritySettingsManagement when EnrollmentStatus is 1" time="0.0541" asserts="0" success="True" result="Success" executed="True" />
                </results>
              </test-suite>
              <test-suite type="TestFixture" name="Get-MDEManagementType.No management configured" executed="True" result="Success" success="True" time="0.1367" asserts="0" description="Get-MDEManagementType.No management configured">
                <results>
                  <test-case description="returns GPO or None when registry keys are absent" name="Get-MDEManagementType.No management configured.returns GPO or None when registry keys are absent" time="0.0282" asserts="0" success="True" result="Success" executed="True" />
                </results>
              </test-suite>
            </results>
          </test-suite>
        </results>
      </test-suite>
      <test-suite type="TestFixture" name="C:\dev\MDEValidator\Tests\Public\Get-MDEManagementTypeFallback.Tests.ps1" executed="True" result="Success" success="True" time="0.5645" asserts="0" description="C:\dev\MDEValidator\Tests\Public\Get-MDEManagementTypeFallback.Tests.ps1">
        <results>
          <test-suite type="TestFixture" name="Get-MDEManagementTypeFallback" executed="True" result="Success" success="True" time="0.1492" asserts="0" description="Get-MDEManagementTypeFallback">
            <results>
              <test-suite type="TestFixture" name="Get-MDEManagementTypeFallback.Intune detected via policy manager path entries" executed="True" result="Success" success="True" time="0.0474" asserts="0" description="Get-MDEManagementTypeFallback.Intune detected via policy manager path entries">
                <results>
                  <test-case description="returns Intune when Policy Manager registry path has entries" name="Get-MDEManagementTypeFallback.Intune detected via policy manager path entries.returns Intune when Policy Manager registry path has entries" time="0.0417" asserts="0" success="True" result="Success" executed="True" />
                </results>
              </test-suite>
              <test-suite type="TestFixture" name="Get-MDEManagementTypeFallback.Security Settings Management detected via standard policy path" executed="True" result="Success" success="True" time="0.1022" asserts="0" description="Get-MDEManagementTypeFallback.Security Settings Management detected via standard policy path">
                <results>
                  <test-case description="returns SecuritySettingsManagement when standard policy path has entries but no Policy Manager path" name="Get-MDEManagementTypeFallback.Security Settings Management detected via standard policy path.returns SecuritySettingsManagement when standard policy path has entries but no Policy Manager path" time="0.0487" asserts="0" success="True" result="Success" executed="True" />
                </results>
              </test-suite>
              <test-suite type="TestFixture" name="Get-MDEManagementTypeFallback.Not configured" executed="True" result="Success" success="True" time="0.1438" asserts="0" description="Get-MDEManagementTypeFallback.Not configured">
                <results>
                  <test-case description="returns Not Configured when neither policy path has entries" name="Get-MDEManagementTypeFallback.Not configured.returns Not Configured when neither policy path has entries" time="0.0358" asserts="0" success="True" result="Success" executed="True" />
                </results>
              </test-suite>
            </results>
          </test-suite>
        </results>
      </test-suite>
      <test-suite type="TestFixture" name="C:\dev\MDEValidator\Tests\Public\Get-MDEOnboardingStatusString.Tests.ps1" executed="True" result="Success" success="True" time="0.5431" asserts="0" description="C:\dev\MDEValidator\Tests\Public\Get-MDEOnboardingStatusString.Tests.ps1">
        <results>
          <test-suite type="TestFixture" name="Get-MDEOnboardingStatusString" executed="True" result="Success" success="True" time="0.1226" asserts="0" description="Get-MDEOnboardingStatusString">
            <results>
              <test-suite type="TestFixture" name="Get-MDEOnboardingStatusString.Onboarded" executed="True" result="Success" success="True" time="0.0423" asserts="0" description="Get-MDEOnboardingStatusString.Onboarded">
                <results>
[...]
            <results>
              <test-suite type="TestFixture" name="Test-MDESmartScreen.Pass path" executed="True" result="Success" success="True" time="0.0376" asserts="0" description="Test-MDESmartScreen.Pass path">
                <results>
                  <test-case description="returns Pass when SmartScreen is enabled via Group Policy" name="Test-MDESmartScreen.Pass path.returns Pass when SmartScreen is enabled via Group Policy" time="0.0321" asserts="0" success="True" result="Success" executed="True" />
                </results>
              </test-suite>
              <test-suite type="TestFixture" name="Test-MDESmartScreen.Fail path" executed="True" result="Success" success="True" time="0.1095" asserts="0" description="Test-MDESmartScreen.Fail path">
                <results>
                  <test-case description="returns Fail when SmartScreen is disabled" name="Test-MDESmartScreen.Fail path.returns Fail when SmartScreen is disabled" time="0.0396" asserts="0" success="True" result="Success" executed="True" />
                  <test-case description="returns Warning when SmartScreen registry key is not found" name="Test-MDESmartScreen.Fail path.returns Warning when SmartScreen registry key is not found" time="0.0261" asserts="0" success="True" result="Success" executed="True" />
                </results>
              </test-suite>
            </results>
          </test-suite>
        </results>
      </test-suite>
      <test-suite type="TestFixture" name="C:\dev\MDEValidator\Tests\Public\Test-MDESmartScreenAppRepExclusions.Tests.ps1" executed="True" result="Success" success="True" time="0.5417" asserts="0" description="C:\dev\MDEValidator\Tests\Public\Test-MDESmartScreenAppRepExclusions.Tests.ps1">
        <results>
          <test-suite type="TestFixture" name="Test-MDESmartScreenAppRepExclusions" executed="True" result="Success" success="True" time="0.1274" asserts="0" description="Test-MDESmartScreenAppRepExclusions">
            <results>
              <test-suite type="TestFixture" name="Test-MDESmartScreenAppRepExclusions.No exclusions configured (Pass)" executed="True" result="Success" success="True" time="0.0368" asserts="0" description="Test-MDESmartScreenAppRepExclusions.No exclusions configured (Pass)">
                <results>
                  <test-case description="returns Pass when no AppRep exclusions registry keys exist" name="Test-MDESmartScreenAppRepExclusions.No exclusions configured (Pass).returns Pass when no AppRep exclusions registry keys exist" time="0.023" asserts="0" success="True" result="Success" executed="True" />
                </results>
              </test-suite>
              <test-suite type="TestFixture" name="Test-MDESmartScreenAppRepExclusions.Exclusions configured (Warning)" executed="True" result="Success" success="True" time="0.0781" asserts="0" description="Test-MDESmartScreenAppRepExclusions.Exclusions configured (Warning)">
                <results>
                  <test-case description="returns Warning when ExemptSmartScreenDownloadWarnings JSON value is set" name="Test-MDESmartScreenAppRepExclusions.Exclusions configured (Warning).returns Warning when ExemptSmartScreenDownloadWarnings JSON value is set" time="0.0354" asserts="0" success="True" result="Success" executed="True" />
                </results>
              </test-suite>
              <test-suite type="TestFixture" name="Test-MDESmartScreenAppRepExclusions.Registry path exists but no exclusion value" executed="True" result="Success" success="True" time="0.1221" asserts="0" description="Test-MDESmartScreenAppRepExclusions.Registry path exists but no exclusion value">
                <results>
                  <test-case description="returns Pass when registry key exists but ExemptSmartScreenDownloadWarnings is null" name="Test-MDESmartScreenAppRepExclusions.Registry path exists but no exclusion value.returns Pass when registry key exists but ExemptSmartScreenDownloadWarnings is null" time="0.0383" asserts="0" success="True" result="Success" executed="True" />
                </results>
              </test-suite>
            </results>
          </test-suite>
        </results>
      </test-suite>
      <test-suite type="TestFixture" name="C:\dev\MDEValidator\Tests\Public\Test-MDESmartScreenDomainExclusions.Tests.ps1" executed="True" result="Success" success="True" time="0.4899" asserts="0" description="C:\dev\MDEValidator\Tests\Public\Test-MDESmartScreenDomainExclusions.Tests.ps1">
        <results>
          <test-suite type="TestFixture" name="Test-MDESmartScreenDomainExclusions" executed="True" result="Success" success="True" time="0.077" asserts="0" description="Test-MDESmartScreenDomainExclusions">
            <results>
              <test-suite type="TestFixture" name="Test-MDESmartScreenDomainExclusions.No exclusions configured (Pass)" executed="True" result="Success" success="True" time="0.0343" asserts="0" description="Test-MDESmartScreenDomainExclusions.No exclusions configured (Pass)">
                <results>
                  <test-case description="returns Pass when SmartScreenAllowListDomains registry key is absent" name="Test-MDESmartScreenDomainExclusions.No exclusions configured (Pass).returns Pass when SmartScreenAllowListDomains registry key is absent" time="0.0251" asserts="0" success="True" result="Success" executed="True" />
                </results>
              </test-suite>
              <test-suite type="TestFixture" name="Test-MDESmartScreenDomainExclusions.Domain exclusions configured (Warning)" executed="True" result="Success" success="True" time="0.071" asserts="0" description="Test-MDESmartScreenDomainExclusions.Domain exclusions configured (Warning)">
                <results>
                  <test-case description="returns Warning when allow-list domains are present" name="Test-MDESmartScreenDomainExclusions.Domain exclusions configured (Warning).returns Warning when allow-list domains are present" time="0.0308" asserts="0" success="True" result="Success" executed="True" />
                </results>
              </test-suite>
            </results>
          </test-suite>
        </results>
      </test-suite>
      <test-suite type="TestFixture" name="C:\dev\MDEValidator\Tests\Public\Test-MDESmartScreenDownloadOverride.Tests.ps1" executed="True" result="Success" success="True" time="0.5066" asserts="0" description="C:\dev\MDEValidator\Tests\Public\Test-MDESmartScreenDownloadOverride.Tests.ps1">
        <results>
          <test-suite type="TestFixture" name="Test-MDESmartScreenDownloadOverride" executed="True" result="Success" success="True" time="0.0917" asserts="0" description="Test-MDESmartScreenDownloadOverride">
            <results>
              <test-suite type="TestFixture" name="Test-MDESmartScreenDownloadOverride.Pass path" executed="True" result="Success" success="True" time="0.0382" asserts="0" description="Test-MDESmartScreenDownloadOverride.Pass path">
                <results>
                  <test-case description="returns Pass when PreventSmartScreenPromptOverrideForFiles is 1" name="Test-MDESmartScreenDownloadOverride.Pass path.returns Pass when PreventSmartScreenPromptOverrideForFiles is 1" time="0.0321" asserts="0" success="True" result="Success" executed="True" />
                </results>
              </test-suite>
              <test-suite type="TestFixture" name="Test-MDESmartScreenDownloadOverride.Fail path" executed="True" result="Success" success="True" time="0.0863" asserts="0" description="Test-MDESmartScreenDownloadOverride.Fail path">
                <results>
                  <test-case description="returns Warning when PreventSmartScreenPromptOverrideForFiles is not configured" name="Test-MDESmartScreenDownloadOverride.Fail path.returns Warning when PreventSmartScreenPromptOverrideForFiles is not configured" time="0.0191" asserts="0" success="True" result="Success" executed="True" />
                  <test-case description="returns Fail when PreventSmartScreenPromptOverrideForFiles is 0" name="Test-MDESmartScreenDownloadOverride.Fail path.returns Fail when PreventSmartScreenPromptOverrideForFiles is 0" time="0.0234" asserts="0" success="True" result="Success" executed="True" />
                </results>
              </test-suite>
            </results>
          </test-suite>
        </results>
      </test-suite>
      <test-suite type="TestFixture" name="C:\dev\MDEValidator\Tests\Public\Test-MDESmartScreenPromptOverride.Tests.ps1" executed="True" result="Success" success="True" time="0.5171" asserts="0" description="C:\dev\MDEValidator\Tests\Public\Test-MDESmartScreenPromptOverride.Tests.ps1">
        <results>
          <test-suite type="TestFixture" name="Test-MDESmartScreenPromptOverride" executed="True" result="Success" success="True" time="0.1011" asserts="0" description="Test-MDESmartScreenPromptOverride">
            <results>
              <test-suite type="TestFixture" name="Test-MDESmartScreenPromptOverride.Pass path" executed="True" result="Success" success="True" time="0.0393" asserts="0" description="Test-MDESmartScreenPromptOverride.Pass path">
                <results>
                  <test-case description="returns Pass when SmartScreen prompt override prevention is enabled (1)" name="Test-MDESmartScreenPromptOverride.Pass path.returns Pass when SmartScreen prompt override prevention is enabled (1)" time="0.0338" asserts="0" success="True" result="Success" executed="True" />
                </results>
              </test-suite>
              <test-suite type="TestFixture" name="Test-MDESmartScreenPromptOverride.Fail path" executed="True" result="Success" success="True" time="0.0948" asserts="0" description="Test-MDESmartScreenPromptOverride.Fail path">
                <results>
                  <test-case description="returns Warning when SmartScreen prompt override prevention is disabled (0)" name="Test-MDESmartScreenPromptOverride.Fail path.returns Warning when SmartScreen prompt override prevention is disabled (0)" time="0.0252" asserts="0" success="True" result="Success" executed="True" />
                  <test-case description="returns Warning when SmartScreen prompt override registry key is not configured" name="Test-MDESmartScreenPromptOverride.Fail path.returns Warning when SmartScreen prompt override registry key is not configured" time="0.0239" asserts="0" success="True" result="Success" executed="True" />
                </results>
              </test-suite>
            </results>
          </test-suite>
        </results>
      </test-suite>
      <test-suite type="TestFixture" name="C:\dev\MDEValidator\Tests\Public\Test-MDESmartScreenPUA.Tests.ps1" executed="True" result="Success" success="True" time="0.5136" asserts="0" description="C:\dev\MDEValidator\Tests\Public\Test-MDESmartScreenPUA.Tests.ps1">
        <results>
          <test-suite type="TestFixture" name="Test-MDESmartScreenPUA" executed="True" result="Success" success="True" time="0.0928" asserts="0" description="Test-MDESmartScreenPUA">
            <results>
              <test-suite type="TestFixture" name="Test-MDESmartScreenPUA.Pass path" executed="True" result="Success" success="True" time="0.0365" asserts="0" description="Test-MDESmartScreenPUA.Pass path">
                <results>
                  <test-case description="returns Pass when SmartScreen PUA blocking is enabled (1)" name="Test-MDESmartScreenPUA.Pass path.returns Pass when SmartScreen PUA blocking is enabled (1)" time="0.0272" asserts="0" success="True" result="Success" executed="True" />
                </results>
              </test-suite>
              <test-suite type="TestFixture" name="Test-MDESmartScreenPUA.Fail path" executed="True" result="Success" success="True" time="0.0873" asserts="0" description="Test-MDESmartScreenPUA.Fail path">
                <results>
                  <test-case description="returns Warning when SmartScreen PUA blocking is disabled (0)" name="Test-MDESmartScreenPUA.Fail path.returns Warning when SmartScreen PUA blocking is disabled (0)" time="0.0253" asserts="0" success="True" result="Success" executed="True" />
                  <test-case description="returns Warning when SmartScreen PUA registry key is not configured" name="Test-MDESmartScreenPUA.Fail path.returns Warning when SmartScreen PUA registry key is not configured" time="0.0193" asserts="0" success="True" result="Success" executed="True" />
                </results>
              </test-suite>
            </results>
          </test-suite>
        </results>
      </test-suite>
      <test-suite type="TestFixture" name="C:\dev\MDEValidator\Tests\Public\Test-MDETamperProtection.Tests.ps1" executed="True" result="Success" success="True" time="0.4799" asserts="0" description="C:\dev\MDEValidator\Tests\Public\Test-MDETamperProtection.Tests.ps1">
        <results>
          <test-suite type="TestFixture" name="Test-MDETamperProtection" executed="True" result="Success" success="True" time="0.0584" asserts="0" description="Test-MDETamperProtection">
            <results>
              <test-suite type="TestFixture" name="Test-MDETamperProtection.Pass path" executed="True" result="Success" success="True" time="0.0252" asserts="0" description="Test-MDETamperProtection.Pass path">
                <results>
                  <test-case description="returns Pass when Tamper Protection is enabled" name="Test-MDETamperProtection.Pass path.returns Pass when Tamper Protection is enabled" time="0.0196" asserts="0" success="True" result="Success" executed="True" />
                </results>
              </test-suite>
              <test-suite type="TestFixture" name="Test-MDETamperProtection.Fail path" executed="True" result="Success" success="True" time="0.0529" asserts="0" description="Test-MDETamperProtection.Fail path">
                <results>
                  <test-case description="returns Fail when Tamper Protection is disabled" name="Test-MDETamperProtection.Fail path.returns Fail when Tamper Protection is disabled" time="0.0183" asserts="0" success="True" result="Success" executed="True" />
                </results>
              </test-suite>
            </results>
          </test-suite>
        </results>
      </test-suite>
      <test-suite type="TestFixture" name="C:\dev\MDEValidator\Tests\Public\Test-MDETamperProtectionForExclusions.Tests.ps1" executed="True" result="Success" success="True" time="0.5413" asserts="0" description="C:\dev\MDEValidator\Tests\Public\Test-MDETamperProtectionForExclusions.Tests.ps1">
        <results>
          <test-suite type="TestFixture" name="Test-MDETamperProtectionForExclusions" executed="True" result="Success" success="True" time="0.114" asserts="0" description="Test-MDETamperProtectionForExclusions">
            <results>
              <test-suite type="TestFixture" name="Test-MDETamperProtectionForExclusions.Pass path" executed="True" result="Success" success="True" time="0.0842" asserts="0" description="Test-MDETamperProtectionForExclusions.Pass path">
                <results>
                  <test-case description="returns Pass when all requirements are met for Intune-managed device" name="Test-MDETamperProtectionForExclusions.Pass path.returns Pass when all requirements are met for Intune-managed device" time="0.0785" asserts="0" success="True" result="Success" executed="True" />
                </results>
              </test-suite>
              <test-suite type="TestFixture" name="Test-MDETamperProtectionForExclusions.Fail path" executed="True" result="Success" success="True" time="0.1085" asserts="0" description="Test-MDETamperProtectionForExclusions.Fail path">
                <results>
                  <test-case description="returns Fail when Tamper Protection is not enabled" name="Test-MDETamperProtectionForExclusions.Fail path.returns Fail when Tamper Protection is not enabled" time="0.0187" asserts="0" success="True" result="Success" executed="True" />
                </results>
              </test-suite>
            </results>
          </test-suite>
        </results>
      </test-suite>
      <test-suite type="TestFixture" name="C:\dev\MDEValidator\Tests\Public\Test-MDEThreatDefaultActions.Tests.ps1" executed="True" result="Success" success="True" time="0.5229" asserts="0" description="C:\dev\MDEValidator\Tests\Public\Test-MDEThreatDefaultActions.Tests.ps1">
        <results>
          <test-suite type="TestFixture" name="Test-MDEThreatDefaultActions" executed="True" result="Success" success="True" time="0.1036" asserts="0" description="Test-MDEThreatDefaultActions">
            <results>
              <test-suite type="TestFixture" name="Test-MDEThreatDefaultActions.Pass path" executed="True" result="Success" success="True" time="0.0405" asserts="0" description="Test-MDEThreatDefaultActions.Pass path">
                <results>
                  <test-case description="returns Pass when all threat default actions are set to Quarantine (2)" name="Test-MDEThreatDefaultActions.Pass path.returns Pass when all threat default actions are set to Quarantine (2)" time="0.0346" asserts="0" success="True" result="Success" executed="True" />
                </results>
              </test-suite>
              <test-suite type="TestFixture" name="Test-MDEThreatDefaultActions.Fail path" executed="True" result="Success" success="True" time="0.0979" asserts="0" description="Test-MDEThreatDefaultActions.Fail path">
                <results>
                  <test-case description="returns Fail when any threat action is set to NoAction (9)" name="Test-MDEThreatDefaultActions.Fail path.returns Fail when any threat action is set to NoAction (9)" time="0.0263" asserts="0" success="True" result="Success" executed="True" />
                  <test-case description="returns Fail when any threat action is set to Allow (6)" name="Test-MDEThreatDefaultActions.Fail path.returns Fail when any threat action is set to Allow (6)" time="0.0216" asserts="0" success="True" result="Success" executed="True" />
                </results>
              </test-suite>
            </results>
          </test-suite>
        </results>
      </test-suite>
      <test-suite type="TestFixture" name="C:\dev\MDEValidator\Tests\Public\Test-MDETroubleshootingMode.Tests.ps1" executed="True" result="Success" success="True" time="0.4864" asserts="0" description="C:\dev\MDEValidator\Tests\Public\Test-MDETroubleshootingMode.Tests.ps1">
        <results>
          <test-suite type="TestFixture" name="Test-MDETroubleshootingMode" executed="True" result="Success" success="True" time="0.0603" asserts="0" description="Test-MDETroubleshootingMode">
            <results>
              <test-suite type="TestFixture" name="Test-MDETroubleshootingMode.Pass path" executed="True" result="Success" success="True" time="0.0313" asserts="0" description="Test-MDETroubleshootingMode.Pass path">
                <results>
                  <test-case description="returns Pass when troubleshooting mode is disabled" name="Test-MDETroubleshootingMode.Pass path.returns Pass when troubleshooting mode is disabled" time="0.0257" asserts="0" success="True" result="Success" executed="True" />
                </results>
              </test-suite>
              <test-suite type="TestFixture" name="Test-MDETroubleshootingMode.Fail path" executed="True" result="Success" success="True" time="0.0549" asserts="0" description="Test-MDETroubleshootingMode.Fail path">
                <results>
                  <test-case description="returns Warning when troubleshooting mode is enabled" name="Test-MDETroubleshootingMode.Fail path.returns Warning when troubleshooting mode is enabled" time="0.0181" asserts="0" success="True" result="Success" executed="True" />
                </results>
              </test-suite>
            </results>
          </test-suite>
        </results>
      </test-suite>
    </results>
  </test-suite>
</test-results>